<?xml version="1.0" encoding="UTF-8"?>
<!-- Generated by org.testng.reporters.JUnitReportReporter -->
<testsuite hostname="LAPTOP-9F9GKHEN" failures="0" tests="1" name="Product.CreateProductAndDeleteTest" time="18.344" errors="0" timestamp="2023-02-01T11:04:30 IST" skipped="0">
  <testcase classname="Product.CreateProductAndDeleteTest" name="prodAndDelete" time="18.344"/>
  <system-out/>
</testsuite> <!-- Product.CreateProductAndDeleteTest -->
