<?xml version="1.0" encoding="UTF-8"?>
<!-- Generated by org.testng.reporters.JUnitReportReporter -->
<testsuite hostname="LAPTOP-9F9GKHEN" failures="0" tests="3" name="testNG.Test4" time="0.008" errors="0" timestamp="2023-01-21T11:53:47 IST" skipped="0">
  <testcase classname="testNG.Test4" name="create" time="0.006"/>
  <system-out/>
  <testcase classname="testNG.Test4" name="modify" time="0.001"/>
  <system-out/>
  <testcase classname="testNG.Test4" name="delete" time="0.001"/>
  <system-out/>
</testsuite> <!-- testNG.Test4 -->
