<?xml version="1.0" encoding="UTF-8"?>
<!-- Generated by org.testng.reporters.JUnitReportReporter -->
<testsuite hostname="LAPTOP-9F9GKHEN" failures="0" tests="3" name="testNG.Testng4" time="0.010" errors="0" timestamp="2023-01-21T11:57:55 IST" skipped="0">
  <testcase classname="testNG.Testng4" name="modify" time="0.001"/>
  <system-out/>
  <testcase classname="testNG.Testng4" name="create" time="0.008"/>
  <system-out/>
  <testcase classname="testNG.Testng4" name="delete" time="0.001"/>
  <system-out/>
</testsuite> <!-- testNG.Testng4 -->
