<?xml version="1.0" encoding="UTF-8"?>
<!-- Generated by org.testng.reporters.JUnitReportReporter -->
<testsuite hostname="LAPTOP-9F9GKHEN" failures="0" tests="1" name="Organization.CreateOrganisationForRegionalRegressionTest" time="12.040" errors="0" timestamp="2023-02-04T20:11:05 IST" skipped="0">
  <testcase classname="Organization.CreateOrganisationForRegionalRegressionTest" name="m1" time="12.040"/>
  <system-out/>
</testsuite> <!-- Organization.CreateOrganisationForRegionalRegressionTest -->
