<?xml version="1.0" encoding="UTF-8"?>
<!-- Generated by org.testng.reporters.JUnitReportReporter -->
<testsuite hostname="LAPTOP-9F9GKHEN" failures="0" tests="1" name="Campaign.CreateCampaignTest" time="18.649" errors="0" timestamp="2023-02-01T11:04:30 IST" skipped="0">
  <testcase classname="Campaign.CreateCampaignTest" name="createCamp" time="18.649"/>
  <system-out/>
</testsuite> <!-- Campaign.CreateCampaignTest -->
