<?xml version="1.0" encoding="UTF-8"?>
<!-- Generated by org.testng.reporters.JUnitReportReporter -->
<testsuite hostname="LAPTOP-9F9GKHEN" failures="0" tests="1" name="Campaign.CreateCampaignWithProduct" time="17.709" errors="0" timestamp="2023-01-23T20:25:07 IST" skipped="0">
  <testcase classname="Campaign.CreateCampaignWithProduct" name="campWithProd" time="17.709"/>
  <system-out/>
</testsuite> <!-- Campaign.CreateCampaignWithProduct -->
