<?xml version="1.0" encoding="UTF-8"?>
<!-- Generated by org.testng.reporters.JUnitReportReporter -->
<testsuite hostname="LAPTOP-9F9GKHEN" failures="0" tests="3" name="testNG.Testng5" time="0.007" errors="0" timestamp="2023-01-21T11:58:19 IST" skipped="0">
  <testcase classname="testNG.Testng5" name="create" time="0.007"/>
  <system-out/>
  <testcase classname="testNG.Testng5" name="modify" time="0.000"/>
  <system-out/>
  <testcase classname="testNG.Testng5" name="delete" time="0.000"/>
  <system-out/>
</testsuite> <!-- testNG.Testng5 -->
