<?xml version="1.0" encoding="UTF-8"?>
<!-- Generated by org.testng.reporters.JUnitReportReporter -->
<testsuite hostname="LAPTOP-9F9GKHEN" failures="0" tests="1" name="Product.CreateProductAndDelete" time="10.790" errors="0" timestamp="2023-01-23T20:17:44 IST" skipped="0">
  <testcase classname="Product.CreateProductAndDelete" name="prodAndDelete" time="10.790"/>
  <system-out/>
</testsuite> <!-- Product.CreateProductAndDelete -->
