<?xml version="1.0" encoding="UTF-8"?>
<!-- Generated by org.testng.reporters.JUnitReportReporter -->
<testsuite hostname="LAPTOP-9F9GKHEN" failures="0" tests="4" name="testNG.Testng8" time="0.008" errors="0" timestamp="2023-01-21T12:22:20 IST" skipped="0">
  <testcase classname="testNG.Testng8" name="create" time="0.000"/>
  <system-out/>
  <testcase classname="testNG.Testng8" name="delete" time="0.001"/>
  <system-out/>
  <testcase classname="testNG.Testng8" name="modify" time="0.001"/>
  <system-out/>
  <testcase classname="testNG.Testng8" name="create" time="0.006"/>
  <system-out/>
</testsuite> <!-- testNG.Testng8 -->
