<?xml version="1.0" encoding="UTF-8"?>
<!-- Generated by org.testng.reporters.JUnitReportReporter -->
<testsuite hostname="LAPTOP-9F9GKHEN" failures="0" tests="2" name="testNG.Testng1" time="0.007" errors="0" timestamp="2023-01-21T07:28:20 IST" skipped="0">
  <testcase classname="testNG.Testng1" name="m1" time="0.006"/>
  <system-out/>
  <testcase classname="testNG.Testng1" name="m2" time="0.001"/>
  <system-out/>
</testsuite> <!-- testNG.Testng1 -->
