<?xml version="1.0" encoding="UTF-8"?>
<!-- Generated by org.testng.reporters.JUnitReportReporter -->
<testsuite hostname="LAPTOP-9F9GKHEN" failures="0" tests="1" name="Product.CreateProduct" time="11.821" errors="0" timestamp="2023-01-23T20:11:27 IST" skipped="0">
  <testcase classname="Product.CreateProduct" name="createProd" time="11.821"/>
  <system-out/>
</testsuite> <!-- Product.CreateProduct -->
