<?xml version="1.0" encoding="UTF-8"?>
<!-- Generated by org.testng.reporters.JUnitReportReporter -->
<testsuite hostname="LAPTOP-9F9GKHEN" failures="0" tests="1" name="Campaign.CreateCampaign" time="10.504" errors="0" timestamp="2023-01-23T20:22:06 IST" skipped="0">
  <testcase classname="Campaign.CreateCampaign" name="createCamp" time="10.504"/>
  <system-out/>
</testsuite> <!-- Campaign.CreateCampaign -->
