<?xml version="1.0" encoding="UTF-8"?>
<!-- Generated by org.testng.reporters.JUnitReportReporter -->
<testsuite hostname="LAPTOP-9F9GKHEN" failures="0" tests="1" name="testNG.Testng2" time="0.008" errors="0" timestamp="2023-01-21T11:48:41 IST" skipped="0">
  <testcase classname="testNG.Testng2" name="m1" time="0.008"/>
  <system-out/>
</testsuite> <!-- testNG.Testng2 -->
