<?xml version="1.0" encoding="UTF-8"?>
<!-- Generated by org.testng.reporters.JUnitReportReporter -->
<testsuite hostname="LAPTOP-9F9GKHEN" failures="0" tests="4" name="testNG.DataProvider1" time="0.007" errors="0" timestamp="2023-01-23T19:24:08 IST" skipped="0">
  <testcase classname="testNG.DataProvider1" name="bookTickets" time="0.000"/>
  <system-out/>
  <testcase classname="testNG.DataProvider1" name="bookTickets" time="0.005"/>
  <system-out/>
  <testcase classname="testNG.DataProvider1" name="bookTickets" time="0.001"/>
  <system-out/>
  <testcase classname="testNG.DataProvider1" name="bookTickets" time="0.001"/>
  <system-out/>
</testsuite> <!-- testNG.DataProvider1 -->
