<?xml version="1.0" encoding="UTF-8"?>
<!-- Generated by org.testng.reporters.JUnitReportReporter -->
<testsuite hostname="LAPTOP-9F9GKHEN" failures="0" tests="3" name="testNG.Testng6" time="0.008" errors="0" timestamp="2023-01-21T12:22:54 IST" skipped="1">
  <testcase classname="testNG.Testng6" name="delete" time="0.001"/>
  <system-out/>
  <testcase classname="testNG.Testng6" name="create" time="0.007"/>
  <system-out/>
  <testcase classname="testNG.Testng6" name="modify">
    <skipped/>
  </testcase> <!-- modify -->
  <system-out/>
</testsuite> <!-- testNG.Testng6 -->
