<?xml version="1.0" encoding="UTF-8"?>
<!-- Generated by org.testng.reporters.JUnitReportReporter -->
<testsuite hostname="LAPTOP-9F9GKHEN" failures="0" tests="1" name="Organization.CreateOrganization" time="11.224" errors="0" timestamp="2023-01-23T20:07:12 IST" skipped="0">
  <testcase classname="Organization.CreateOrganization" name="createOrg" time="11.224"/>
  <system-out/>
</testsuite> <!-- Organization.CreateOrganization -->
