<?xml version="1.0" encoding="UTF-8"?>
<!-- Generated by org.testng.reporters.JUnitReportReporter -->
<testsuite hostname="LAPTOP-9F9GKHEN" failures="0" tests="1" name="Organization.CreateOrganisationForRegionalRegressionTest" time="20.941" errors="0" timestamp="2023-02-01T17:06:01 IST" skipped="0">
  <testcase classname="Organization.CreateOrganisationForRegionalRegressionTest" name="createOrg" time="20.941"/>
  <system-out/>
</testsuite> <!-- Organization.CreateOrganisationForRegionalRegressionTest -->
