<?xml version="1.0" encoding="UTF-8"?>
<!-- Generated by org.testng.reporters.JUnitReportReporter -->
<testsuite hostname="LAPTOP-9F9GKHEN" failures="0" tests="1" name="Practice.Testng" time="0.005" errors="0" timestamp="2023-01-21T07:22:10 IST" skipped="0">
  <testcase classname="Practice.Testng" name="m1" time="0.005"/>
  <system-out/>
</testsuite> <!-- Practice.Testng -->
