<?xml version="1.0" encoding="UTF-8"?>
<!-- Generated by org.testng.reporters.JUnitReportReporter -->
<testsuite hostname="LAPTOP-9F9GKHEN" failures="0" tests="3" name="testNG.TestngDataProvider" time="20.220" errors="0" timestamp="2023-01-21T13:05:01 IST" skipped="0">
  <testcase classname="testNG.TestngDataProvider" name="organisationDetails" time="7.075"/>
  <system-out/>
  <testcase classname="testNG.TestngDataProvider" name="organisationDetails" time="6.629"/>
  <system-out/>
  <testcase classname="testNG.TestngDataProvider" name="organisationDetails" time="6.516"/>
  <system-out/>
</testsuite> <!-- testNG.TestngDataProvider -->
